{
  "uid" : "aa160f9efa0bcfa0",
  "name" : "add_Incident_Report:14/50 100%",
  "fullName" : "com.beacon.test.AppTestDeviceTwo.add_Incident_Report",
  "historyId" : "7f0bc745ada95023c5ace35d3d15aced",
  "time" : {
    "start" : 1535721574015,
    "stop" : 1535721650934,
    "duration" : 76919
  },
  "description" : "Add Incident Report",
  "descriptionHtml" : "<p>Add Incident Report</p>\n",
  "status" : "failed",
  "statusMessage" : "AssertionError: Unable to create report",
  "statusTrace" : "java.lang.AssertionError: Unable to create report\n\tat org.testng.Assert.fail(Assert.java:85)\n\tat com.beacon.test.AppTestDeviceTwo.add_Incident_Report(AppTestDeviceTwo.java:189)\n\tat sun.reflect.NativeMethodAccessorImpl.invoke0(Native Method)\n\tat sun.reflect.NativeMethodAccessorImpl.invoke(NativeMethodAccessorImpl.java:62)\n\tat sun.reflect.DelegatingMethodAccessorImpl.invoke(DelegatingMethodAccessorImpl.java:43)\n\tat java.lang.reflect.Method.invoke(Method.java:498)\n\tat org.testng.internal.MethodInvocationHelper.invokeMethod(MethodInvocationHelper.java:124)\n\tat org.testng.internal.Invoker.invokeMethod(Invoker.java:580)\n\tat org.testng.internal.Invoker.invokeTestMethod(Invoker.java:716)\n\tat org.testng.internal.Invoker.invokeTestMethods(Invoker.java:988)\n\tat org.testng.internal.TestMethodWorker.invokeTestMethods(TestMethodWorker.java:125)\n\tat org.testng.internal.TestMethodWorker.run(TestMethodWorker.java:109)\n\tat org.testng.TestRunner.privateRun(TestRunner.java:648)\n\tat org.testng.TestRunner.run(TestRunner.java:505)\n\tat org.testng.SuiteRunner.runTest(SuiteRunner.java:455)\n\tat org.testng.SuiteRunner.runSequentially(SuiteRunner.java:450)\n\tat org.testng.SuiteRunner.privateRun(SuiteRunner.java:415)\n\tat org.testng.SuiteRunner.run(SuiteRunner.java:364)\n\tat org.testng.SuiteRunnerWorker.runSuite(SuiteRunnerWorker.java:52)\n\tat org.testng.SuiteRunnerWorker.run(SuiteRunnerWorker.java:84)\n\tat org.testng.TestNG.runSuitesSequentially(TestNG.java:1208)\n\tat org.testng.TestNG.runSuitesLocally(TestNG.java:1137)\n\tat org.testng.TestNG.runSuites(TestNG.java:1049)\n\tat org.testng.TestNG.run(TestNG.java:1017)\n\tat org.apache.maven.surefire.testng.TestNGExecutor.run(TestNGExecutor.java:283)\n\tat org.apache.maven.surefire.testng.TestNGXmlTestSuite.execute(TestNGXmlTestSuite.java:75)\n\tat org.apache.maven.surefire.testng.TestNGProvider.invoke(TestNGProvider.java:120)\n\tat org.apache.maven.surefire.booter.ForkedBooter.invokeProviderInSameClassLoader(ForkedBooter.java:383)\n\tat org.apache.maven.surefire.booter.ForkedBooter.runSuitesInProcess(ForkedBooter.java:344)\n\tat org.apache.maven.surefire.booter.ForkedBooter.execute(ForkedBooter.java:125)\n\tat org.apache.maven.surefire.booter.ForkedBooter.main(ForkedBooter.java:417)\nCaused by: org.openqa.selenium.NoSuchElementException: An element could not be located on the page using the given search parameters.\nFor documentation on this error, please visit: http://seleniumhq.org/exceptions/no_such_element.html\nBuild info: version: '3.13.0', revision: '2f0d292', time: '2018-06-25T15:24:21.231Z'\nSystem info: host: 'Kundans-MacBook-Pro.local', ip: '169.254.71.83', os.name: 'Mac OS X', os.arch: 'x86_64', os.version: '10.13.6', java.version: '1.8.0_181'\nDriver info: io.appium.java_client.ios.IOSDriver\nCapabilities {app: /Users/cumulations/Desktop/..., automationName: XCUITest, browserName: , databaseEnabled: false, deviceName: Madhu iPhone, javascriptEnabled: true, locationContextEnabled: false, networkConnectionEnabled: false, newCommandTimeout: 90000, noReset: true, platform: MAC, platformName: iOS, platformVersion: 11.2, takesScreenshot: true, udid: fcfb9ab25dbf05bd06e51194ae9..., usePrebuiltWDA: true, wdaConnectionTimeout: 240000, wdaLaunchTimeout: 240000, webStorageEnabled: false, xcodeOrgId: G56QYJ7ZRJ, xcodeSigningId: iPhone Developer}\nSession ID: d6759fb2-ec0a-45aa-9f8e-3bad48a417e6\n*** Element info: {Using=accessibility id, value=Add}\n\tat sun.reflect.NativeConstructorAccessorImpl.newInstance0(Native Method)\n\tat sun.reflect.NativeConstructorAccessorImpl.newInstance(NativeConstructorAccessorImpl.java:62)\n\tat sun.reflect.DelegatingConstructorAccessorImpl.newInstance(DelegatingConstructorAccessorImpl.java:45)\n\tat java.lang.reflect.Constructor.newInstance(Constructor.java:423)\n\tat org.openqa.selenium.remote.http.W3CHttpResponseCodec.createException(W3CHttpResponseCodec.java:187)\n\tat org.openqa.selenium.remote.http.W3CHttpResponseCodec.decode(W3CHttpResponseCodec.java:122)\n\tat org.openqa.selenium.remote.http.W3CHttpResponseCodec.decode(W3CHttpResponseCodec.java:49)\n\tat org.openqa.selenium.remote.HttpCommandExecutor.execute(HttpCommandExecutor.java:158)\n\tat io.appium.java_client.remote.AppiumCommandExecutor.execute(AppiumCommandExecutor.java:231)\n\tat org.openqa.selenium.remote.RemoteWebDriver.execute(RemoteWebDriver.java:548)\n\tat io.appium.java_client.DefaultGenericMobileDriver.execute(DefaultGenericMobileDriver.java:42)\n\tat io.appium.java_client.AppiumDriver.execute(AppiumDriver.java:1)\n\tat io.appium.java_client.ios.IOSDriver.execute(IOSDriver.java:1)\n\tat org.openqa.selenium.remote.RemoteWebDriver.findElement(RemoteWebDriver.java:322)\n\tat io.appium.java_client.DefaultGenericMobileDriver.findElement(DefaultGenericMobileDriver.java:62)\n\tat io.appium.java_client.AppiumDriver.findElement(AppiumDriver.java:1)\n\tat io.appium.java_client.ios.IOSDriver.findElement(IOSDriver.java:1)\n\tat io.appium.java_client.FindsByAccessibilityId.findElementByAccessibilityId(FindsByAccessibilityId.java:37)\n\tat com.beacon.test.AppTestDeviceTwo.add_Incident_Report(AppTestDeviceTwo.java:96)\n\t... 29 more\n",
  "flaky" : false,
  "beforeStages" : [ ],
  "afterStages" : [ ],
  "labels" : [ {
    "name" : "framework",
    "value" : "TestNG"
  }, {
    "name" : "host",
    "value" : "Kundans-MacBook-Pro.local"
  }, {
    "name" : "language",
    "value" : "JAVA"
  }, {
    "name" : "severity",
    "value" : "critical"
  }, {
    "name" : "story",
    "value" : "Add Incident Report"
  }, {
    "name" : "testClass",
    "value" : "com.beacon.test.AppTestDeviceTwo"
  }, {
    "name" : "testGroup",
    "value" : "BeaconTest"
  }, {
    "name" : "testMethod",
    "value" : "add_Incident_Report"
  }, {
    "name" : "testSuite",
    "value" : "BeaconAppLoadTest"
  }, {
    "name" : "thread",
    "value" : "15558@Kundans-MacBook-Pro.local.main(1)"
  }, {
    "name" : "parentSuite",
    "value" : "BeaconAppLoadTest"
  }, {
    "name" : "suite",
    "value" : "BeaconTest"
  }, {
    "name" : "subSuite",
    "value" : "com.beacon.test.AppTestDeviceTwo"
  }, {
    "name" : "package",
    "value" : "com.beacon.test.AppTestDeviceTwo"
  }, {
    "name" : "resultFormat",
    "value" : "allure1"
  } ],
  "parameters" : [ ],
  "links" : [ ],
  "hidden" : false,
  "retry" : false,
  "extra" : {
    "severity" : "critical",
    "retries" : [ ],
    "categories" : [ {
      "name" : "Product defects",
      "matchedStatuses" : [ ],
      "flaky" : false
    } ],
    "tags" : [ ]
  },
  "source" : "aa160f9efa0bcfa0.json",
  "parameterValues" : [ ]
}