<!DOCTYPE html PUBLIC "-//W3C//DTD XHTML 1.1//EN" "http://www.w3.org/TR/xhtml11/DTD/xhtml11.dtd">
<html xmlns="http://www.w3.org/1999/xhtml">
<head>
<meta http-equiv="content-type" content="text/html; charset=UTF-8"/>
<title>TestNG Report</title>
<style type="text/css">table {margin-bottom:10px;border-collapse:collapse;empty-cells:show}th,td {border:1px solid #009;padding:.25em .5em}th {vertical-align:bottom}td {vertical-align:top}table a {font-weight:bold}.stripe td {background-color: #E6EBF9}.num {text-align:right}.passedodd td {background-color: #3F3}.passedeven td {background-color: #0A0}.skippedodd td {background-color: #DDD}.skippedeven td {background-color: #CCC}.failedodd td,.attn {background-color: #F33}.failedeven td,.stripe .attn {background-color: #D00}.stacktrace {white-space:pre;font-family:monospace}.totop {font-size:85%;text-align:center;border-bottom:2px solid #000}.invisible {display:none}</style>
</head>
<body>
<table>
<tr><th>Test</th><th># Passed</th><th># Skipped</th><th># Failed</th><th>Time (ms)</th><th>Included Groups</th><th>Excluded Groups</th></tr>
<tr><th colspan="7">BeaconAppLoadTest</th></tr>
<tr><td><a href="#t0">BeaconTest</a></td><td class="num">43</td><td class="num">0</td><td class="num attn">7</td><td class="num">3,658,399</td><td></td><td></td></tr>
</table>
<table id='summary'><thead><tr><th>Class</th><th>Method</th><th>Start</th><th>Time (ms)</th></tr></thead><tbody><tr><th colspan="4">BeaconAppLoadTest</th></tr></tbody><tbody id="t0"><tr><th colspan="4">BeaconTest &#8212; failed</th></tr><tr class="failedeven"><td rowspan="7">com.beacon.test.AppTestDeviceOne</td><td><a href="#m0">add_Incident_Report</a></td><td rowspan="7">1535722615049</td><td rowspan="7">77189</td></tr><tr class="failedeven"><td><a href="#m1">add_Incident_Report</a></td></tr><tr class="failedeven"><td><a href="#m2">add_Incident_Report</a></td></tr><tr class="failedeven"><td><a href="#m3">add_Incident_Report</a></td></tr><tr class="failedeven"><td><a href="#m4">add_Incident_Report</a></td></tr><tr class="failedeven"><td><a href="#m5">add_Incident_Report</a></td></tr><tr class="failedeven"><td><a href="#m6">add_Incident_Report</a></td></tr><tr><th colspan="4">BeaconTest &#8212; passed</th></tr><tr class="passedeven"><td rowspan="43">com.beacon.test.AppTestDeviceOne</td><td><a href="#m7">add_Incident_Report</a></td><td rowspan="43">1535723996722</td><td rowspan="43">64142</td></tr><tr class="passedeven"><td><a href="#m8">add_Incident_Report</a></td></tr><tr class="passedeven"><td><a href="#m9">add_Incident_Report</a></td></tr><tr class="passedeven"><td><a href="#m10">add_Incident_Report</a></td></tr><tr class="passedeven"><td><a href="#m11">add_Incident_Report</a></td></tr><tr class="passedeven"><td><a href="#m12">add_Incident_Report</a></td></tr><tr class="passedeven"><td><a href="#m13">add_Incident_Report</a></td></tr><tr class="passedeven"><td><a href="#m14">add_Incident_Report</a></td></tr><tr class="passedeven"><td><a href="#m15">add_Incident_Report</a></td></tr><tr class="passedeven"><td><a href="#m16">add_Incident_Report</a></td></tr><tr class="passedeven"><td><a href="#m17">add_Incident_Report</a></td></tr><tr class="passedeven"><td><a href="#m18">add_Incident_Report</a></td></tr><tr class="passedeven"><td><a href="#m19">add_Incident_Report</a></td></tr><tr class="passedeven"><td><a href="#m20">add_Incident_Report</a></td></tr><tr class="passedeven"><td><a href="#m21">add_Incident_Report</a></td></tr><tr class="passedeven"><td><a href="#m22">add_Incident_Report</a></td></tr><tr class="passedeven"><td><a href="#m23">add_Incident_Report</a></td></tr><tr class="passedeven"><td><a href="#m24">add_Incident_Report</a></td></tr><tr class="passedeven"><td><a href="#m25">add_Incident_Report</a></td></tr><tr class="passedeven"><td><a href="#m26">add_Incident_Report</a></td></tr><tr class="passedeven"><td><a href="#m27">add_Incident_Report</a></td></tr><tr class="passedeven"><td><a href="#m28">add_Incident_Report</a></td></tr><tr class="passedeven"><td><a href="#m29">add_Incident_Report</a></td></tr><tr class="passedeven"><td><a href="#m30">add_Incident_Report</a></td></tr><tr class="passedeven"><td><a href="#m31">add_Incident_Report</a></td></tr><tr class="passedeven"><td><a href="#m32">add_Incident_Report</a></td></tr><tr class="passedeven"><td><a href="#m33">add_Incident_Report</a></td></tr><tr class="passedeven"><td><a href="#m34">add_Incident_Report</a></td></tr><tr class="passedeven"><td><a href="#m35">add_Incident_Report</a></td></tr><tr class="passedeven"><td><a href="#m36">add_Incident_Report</a></td></tr><tr class="passedeven"><td><a href="#m37">add_Incident_Report</a></td></tr><tr class="passedeven"><td><a href="#m38">add_Incident_Report</a></td></tr><tr class="passedeven"><td><a href="#m39">add_Incident_Report</a></td></tr><tr class="passedeven"><td><a href="#m40">add_Incident_Report</a></td></tr><tr class="passedeven"><td><a href="#m41">add_Incident_Report</a></td></tr><tr class="passedeven"><td><a href="#m42">add_Incident_Report</a></td></tr><tr class="passedeven"><td><a href="#m43">add_Incident_Report</a></td></tr><tr class="passedeven"><td><a href="#m44">add_Incident_Report</a></td></tr><tr class="passedeven"><td><a href="#m45">add_Incident_Report</a></td></tr><tr class="passedeven"><td><a href="#m46">add_Incident_Report</a></td></tr><tr class="passedeven"><td><a href="#m47">add_Incident_Report</a></td></tr><tr class="passedeven"><td><a href="#m48">add_Incident_Report</a></td></tr><tr class="passedeven"><td><a href="#m49">add_Incident_Report</a></td></tr></tbody>
</table>
<h2>BeaconTest</h2><h3 id="m0">com.beacon.test.AppTestDeviceOne#add_Incident_Report</h3><table class="result"><tr><th>Exception</th></tr><tr><td><div class="stacktrace">java.lang.AssertionError: Unable to create report
	at com.beacon.test.AppTestDeviceOne.add_Incident_Report(AppTestDeviceOne.java:220)
Caused by: org.openqa.selenium.NoSuchElementException: An element could not be located on the page using the given search parameters.
For documentation on this error, please visit: http://seleniumhq.org/exceptions/no_such_element.html
Build info: version: &apos;3.13.0&apos;, revision: &apos;2f0d292&apos;, time: &apos;2018-06-25T15:24:21.231Z&apos;
System info: host: &apos;basavarajs-MacBook-Pro.local&apos;, ip: &apos;192.168.0.128&apos;, os.name: &apos;Mac OS X&apos;, os.arch: &apos;x86_64&apos;, os.version: &apos;10.13.6&apos;, java.version: &apos;1.8.0_66&apos;
Driver info: io.appium.java_client.ios.IOSDriver
Capabilities {app: /Users/basavaraj/Desktop/Be..., automationName: XCUITest, browserName: iOS, databaseEnabled: false, deviceName: iPhone, javascriptEnabled: true, locationContextEnabled: false, networkConnectionEnabled: false, noReset: true, platform: MAC, platformName: iOS, platformVersion: 11.4, takesScreenshot: true, udid: 5bebcfa8e9b85198945951f55c6..., usePrebuiltWDA: true, wdaConnectionTimeout: 240000, wdaLaunchTimeout: 240000, webStorageEnabled: false, xcodeOrgId: G56QYJ7ZRJ, xcodeSigningId: iPhone Developer}
Session ID: ea8e962a-6d2f-4c74-996a-219403c9147e
*** Element info: {Using=accessibility id, value=Aerial coax construction composite (Coax Only)}
	at org.openqa.selenium.remote.http.W3CHttpResponseCodec.createException(W3CHttpResponseCodec.java:187)
	at org.openqa.selenium.remote.http.W3CHttpResponseCodec.decode(W3CHttpResponseCodec.java:122)
	at org.openqa.selenium.remote.http.W3CHttpResponseCodec.decode(W3CHttpResponseCodec.java:49)
	at org.openqa.selenium.remote.HttpCommandExecutor.execute(HttpCommandExecutor.java:158)
	at io.appium.java_client.remote.AppiumCommandExecutor.execute(AppiumCommandExecutor.java:231)
	at org.openqa.selenium.remote.RemoteWebDriver.execute(RemoteWebDriver.java:548)
	at io.appium.java_client.DefaultGenericMobileDriver.execute(DefaultGenericMobileDriver.java:42)
	at io.appium.java_client.AppiumDriver.execute(AppiumDriver.java:1)
	at io.appium.java_client.ios.IOSDriver.execute(IOSDriver.java:1)
	at org.openqa.selenium.remote.RemoteWebDriver.findElement(RemoteWebDriver.java:322)
	at io.appium.java_client.DefaultGenericMobileDriver.findElement(DefaultGenericMobileDriver.java:62)
	at io.appium.java_client.AppiumDriver.findElement(AppiumDriver.java:1)
	at io.appium.java_client.ios.IOSDriver.findElement(IOSDriver.java:1)
	at io.appium.java_client.FindsByAccessibilityId.findElementByAccessibilityId(FindsByAccessibilityId.java:37)
	at com.beacon.test.AppTestDeviceOne.add_Incident_Report(AppTestDeviceOne.java:148)
	... 28 more
... Removed 33 stack frames</div></td></tr></table><p class="totop"><a href="#summary">back to summary</a></p>
<h3 id="m1">com.beacon.test.AppTestDeviceOne#add_Incident_Report</h3><table class="result"><tr><th>Exception</th></tr><tr><td><div class="stacktrace">java.lang.AssertionError: Unable to create report
	at com.beacon.test.AppTestDeviceOne.add_Incident_Report(AppTestDeviceOne.java:220)
Caused by: org.openqa.selenium.NoSuchElementException: An element could not be located on the page using the given search parameters.
For documentation on this error, please visit: http://seleniumhq.org/exceptions/no_such_element.html
Build info: version: &apos;3.13.0&apos;, revision: &apos;2f0d292&apos;, time: &apos;2018-06-25T15:24:21.231Z&apos;
System info: host: &apos;basavarajs-MacBook-Pro.local&apos;, ip: &apos;192.168.0.128&apos;, os.name: &apos;Mac OS X&apos;, os.arch: &apos;x86_64&apos;, os.version: &apos;10.13.6&apos;, java.version: &apos;1.8.0_66&apos;
Driver info: io.appium.java_client.ios.IOSDriver
Capabilities {app: /Users/basavaraj/Desktop/Be..., automationName: XCUITest, browserName: iOS, databaseEnabled: false, deviceName: iPhone, javascriptEnabled: true, locationContextEnabled: false, networkConnectionEnabled: false, noReset: true, platform: MAC, platformName: iOS, platformVersion: 11.4, takesScreenshot: true, udid: 5bebcfa8e9b85198945951f55c6..., usePrebuiltWDA: true, wdaConnectionTimeout: 240000, wdaLaunchTimeout: 240000, webStorageEnabled: false, xcodeOrgId: G56QYJ7ZRJ, xcodeSigningId: iPhone Developer}
Session ID: ea8e962a-6d2f-4c74-996a-219403c9147e
*** Element info: {Using=accessibility id, value=Use Photo}
	at org.openqa.selenium.remote.http.W3CHttpResponseCodec.createException(W3CHttpResponseCodec.java:187)
	at org.openqa.selenium.remote.http.W3CHttpResponseCodec.decode(W3CHttpResponseCodec.java:122)
	at org.openqa.selenium.remote.http.W3CHttpResponseCodec.decode(W3CHttpResponseCodec.java:49)
	at org.openqa.selenium.remote.HttpCommandExecutor.execute(HttpCommandExecutor.java:158)
	at io.appium.java_client.remote.AppiumCommandExecutor.execute(AppiumCommandExecutor.java:231)
	at org.openqa.selenium.remote.RemoteWebDriver.execute(RemoteWebDriver.java:548)
	at io.appium.java_client.DefaultGenericMobileDriver.execute(DefaultGenericMobileDriver.java:42)
	at io.appium.java_client.AppiumDriver.execute(AppiumDriver.java:1)
	at io.appium.java_client.ios.IOSDriver.execute(IOSDriver.java:1)
	at org.openqa.selenium.remote.RemoteWebDriver.findElement(RemoteWebDriver.java:322)
	at io.appium.java_client.DefaultGenericMobileDriver.findElement(DefaultGenericMobileDriver.java:62)
	at io.appium.java_client.AppiumDriver.findElement(AppiumDriver.java:1)
	at io.appium.java_client.ios.IOSDriver.findElement(IOSDriver.java:1)
	at io.appium.java_client.FindsByAccessibilityId.findElementByAccessibilityId(FindsByAccessibilityId.java:37)
	at com.beacon.test.AppTestDeviceOne.add_Incident_Report(AppTestDeviceOne.java:191)
	... 28 more
... Removed 33 stack frames</div></td></tr></table><p class="totop"><a href="#summary">back to summary</a></p>
<h3 id="m2">com.beacon.test.AppTestDeviceOne#add_Incident_Report</h3><table class="result"><tr><th>Exception</th></tr><tr><td><div class="stacktrace">java.lang.AssertionError: Unable to create report
	at com.beacon.test.AppTestDeviceOne.add_Incident_Report(AppTestDeviceOne.java:220)
Caused by: org.openqa.selenium.NoSuchElementException: An element could not be located on the page using the given search parameters.
For documentation on this error, please visit: http://seleniumhq.org/exceptions/no_such_element.html
Build info: version: &apos;3.13.0&apos;, revision: &apos;2f0d292&apos;, time: &apos;2018-06-25T15:24:21.231Z&apos;
System info: host: &apos;basavarajs-MacBook-Pro.local&apos;, ip: &apos;192.168.0.128&apos;, os.name: &apos;Mac OS X&apos;, os.arch: &apos;x86_64&apos;, os.version: &apos;10.13.6&apos;, java.version: &apos;1.8.0_66&apos;
Driver info: io.appium.java_client.ios.IOSDriver
Capabilities {app: /Users/basavaraj/Desktop/Be..., automationName: XCUITest, browserName: iOS, databaseEnabled: false, deviceName: iPhone, javascriptEnabled: true, locationContextEnabled: false, networkConnectionEnabled: false, noReset: true, platform: MAC, platformName: iOS, platformVersion: 11.4, takesScreenshot: true, udid: 5bebcfa8e9b85198945951f55c6..., usePrebuiltWDA: true, wdaConnectionTimeout: 240000, wdaLaunchTimeout: 240000, webStorageEnabled: false, xcodeOrgId: G56QYJ7ZRJ, xcodeSigningId: iPhone Developer}
Session ID: ea8e962a-6d2f-4c74-996a-219403c9147e
*** Element info: {Using=accessibility id, value=PhotoCapture}
	at org.openqa.selenium.remote.http.W3CHttpResponseCodec.createException(W3CHttpResponseCodec.java:187)
	at org.openqa.selenium.remote.http.W3CHttpResponseCodec.decode(W3CHttpResponseCodec.java:122)
	at org.openqa.selenium.remote.http.W3CHttpResponseCodec.decode(W3CHttpResponseCodec.java:49)
	at org.openqa.selenium.remote.HttpCommandExecutor.execute(HttpCommandExecutor.java:158)
	at io.appium.java_client.remote.AppiumCommandExecutor.execute(AppiumCommandExecutor.java:231)
	at org.openqa.selenium.remote.RemoteWebDriver.execute(RemoteWebDriver.java:548)
	at io.appium.java_client.DefaultGenericMobileDriver.execute(DefaultGenericMobileDriver.java:42)
	at io.appium.java_client.AppiumDriver.execute(AppiumDriver.java:1)
	at io.appium.java_client.ios.IOSDriver.execute(IOSDriver.java:1)
	at org.openqa.selenium.remote.RemoteWebDriver.findElement(RemoteWebDriver.java:322)
	at io.appium.java_client.DefaultGenericMobileDriver.findElement(DefaultGenericMobileDriver.java:62)
	at io.appium.java_client.AppiumDriver.findElement(AppiumDriver.java:1)
	at io.appium.java_client.ios.IOSDriver.findElement(IOSDriver.java:1)
	at io.appium.java_client.FindsByAccessibilityId.findElementByAccessibilityId(FindsByAccessibilityId.java:37)
	at com.beacon.test.AppTestDeviceOne.add_Incident_Report(AppTestDeviceOne.java:187)
	... 29 more
... Removed 34 stack frames</div></td></tr></table><p class="totop"><a href="#summary">back to summary</a></p>
<h3 id="m3">com.beacon.test.AppTestDeviceOne#add_Incident_Report</h3><table class="result"><tr><th>Exception</th></tr><tr><td><div class="stacktrace">java.lang.AssertionError: Unable to create report
	at com.beacon.test.AppTestDeviceOne.add_Incident_Report(AppTestDeviceOne.java:220)
Caused by: org.openqa.selenium.NoSuchElementException: An element could not be located on the page using the given search parameters.
For documentation on this error, please visit: http://seleniumhq.org/exceptions/no_such_element.html
Build info: version: &apos;3.13.0&apos;, revision: &apos;2f0d292&apos;, time: &apos;2018-06-25T15:24:21.231Z&apos;
System info: host: &apos;basavarajs-MacBook-Pro.local&apos;, ip: &apos;192.168.0.128&apos;, os.name: &apos;Mac OS X&apos;, os.arch: &apos;x86_64&apos;, os.version: &apos;10.13.6&apos;, java.version: &apos;1.8.0_66&apos;
Driver info: io.appium.java_client.ios.IOSDriver
Capabilities {app: /Users/basavaraj/Desktop/Be..., automationName: XCUITest, browserName: iOS, databaseEnabled: false, deviceName: iPhone, javascriptEnabled: true, locationContextEnabled: false, networkConnectionEnabled: false, noReset: true, platform: MAC, platformName: iOS, platformVersion: 11.4, takesScreenshot: true, udid: 5bebcfa8e9b85198945951f55c6..., usePrebuiltWDA: true, wdaConnectionTimeout: 240000, wdaLaunchTimeout: 240000, webStorageEnabled: false, xcodeOrgId: G56QYJ7ZRJ, xcodeSigningId: iPhone Developer}
Session ID: ea8e962a-6d2f-4c74-996a-219403c9147e
*** Element info: {Using=accessibility id, value=PhotoCapture}
	at org.openqa.selenium.remote.http.W3CHttpResponseCodec.createException(W3CHttpResponseCodec.java:187)
	at org.openqa.selenium.remote.http.W3CHttpResponseCodec.decode(W3CHttpResponseCodec.java:122)
	at org.openqa.selenium.remote.http.W3CHttpResponseCodec.decode(W3CHttpResponseCodec.java:49)
	at org.openqa.selenium.remote.HttpCommandExecutor.execute(HttpCommandExecutor.java:158)
	at io.appium.java_client.remote.AppiumCommandExecutor.execute(AppiumCommandExecutor.java:231)
	at org.openqa.selenium.remote.RemoteWebDriver.execute(RemoteWebDriver.java:548)
	at io.appium.java_client.DefaultGenericMobileDriver.execute(DefaultGenericMobileDriver.java:42)
	at io.appium.java_client.AppiumDriver.execute(AppiumDriver.java:1)
	at io.appium.java_client.ios.IOSDriver.execute(IOSDriver.java:1)
	at org.openqa.selenium.remote.RemoteWebDriver.findElement(RemoteWebDriver.java:322)
	at io.appium.java_client.DefaultGenericMobileDriver.findElement(DefaultGenericMobileDriver.java:62)
	at io.appium.java_client.AppiumDriver.findElement(AppiumDriver.java:1)
	at io.appium.java_client.ios.IOSDriver.findElement(IOSDriver.java:1)
	at io.appium.java_client.FindsByAccessibilityId.findElementByAccessibilityId(FindsByAccessibilityId.java:37)
	at com.beacon.test.AppTestDeviceOne.add_Incident_Report(AppTestDeviceOne.java:187)
	... 28 more
... Removed 33 stack frames</div></td></tr></table><p class="totop"><a href="#summary">back to summary</a></p>
<h3 id="m4">com.beacon.test.AppTestDeviceOne#add_Incident_Report</h3><table class="result"><tr><th>Exception</th></tr><tr><td><div class="stacktrace">java.lang.AssertionError: Unable to create report
	at com.beacon.test.AppTestDeviceOne.add_Incident_Report(AppTestDeviceOne.java:220)
Caused by: org.openqa.selenium.NoSuchElementException: An element could not be located on the page using the given search parameters.
For documentation on this error, please visit: http://seleniumhq.org/exceptions/no_such_element.html
Build info: version: &apos;3.13.0&apos;, revision: &apos;2f0d292&apos;, time: &apos;2018-06-25T15:24:21.231Z&apos;
System info: host: &apos;basavarajs-MacBook-Pro.local&apos;, ip: &apos;192.168.0.128&apos;, os.name: &apos;Mac OS X&apos;, os.arch: &apos;x86_64&apos;, os.version: &apos;10.13.6&apos;, java.version: &apos;1.8.0_66&apos;
Driver info: io.appium.java_client.ios.IOSDriver
Capabilities {app: /Users/basavaraj/Desktop/Be..., automationName: XCUITest, browserName: iOS, databaseEnabled: false, deviceName: iPhone, javascriptEnabled: true, locationContextEnabled: false, networkConnectionEnabled: false, noReset: true, platform: MAC, platformName: iOS, platformVersion: 11.4, takesScreenshot: true, udid: 5bebcfa8e9b85198945951f55c6..., usePrebuiltWDA: true, wdaConnectionTimeout: 240000, wdaLaunchTimeout: 240000, webStorageEnabled: false, xcodeOrgId: G56QYJ7ZRJ, xcodeSigningId: iPhone Developer}
Session ID: ea8e962a-6d2f-4c74-996a-219403c9147e
*** Element info: {Using=accessibility id, value=PhotoCapture}
	at org.openqa.selenium.remote.http.W3CHttpResponseCodec.createException(W3CHttpResponseCodec.java:187)
	at org.openqa.selenium.remote.http.W3CHttpResponseCodec.decode(W3CHttpResponseCodec.java:122)
	at org.openqa.selenium.remote.http.W3CHttpResponseCodec.decode(W3CHttpResponseCodec.java:49)
	at org.openqa.selenium.remote.HttpCommandExecutor.execute(HttpCommandExecutor.java:158)
	at io.appium.java_client.remote.AppiumCommandExecutor.execute(AppiumCommandExecutor.java:231)
	at org.openqa.selenium.remote.RemoteWebDriver.execute(RemoteWebDriver.java:548)
	at io.appium.java_client.DefaultGenericMobileDriver.execute(DefaultGenericMobileDriver.java:42)
	at io.appium.java_client.AppiumDriver.execute(AppiumDriver.java:1)
	at io.appium.java_client.ios.IOSDriver.execute(IOSDriver.java:1)
	at org.openqa.selenium.remote.RemoteWebDriver.findElement(RemoteWebDriver.java:322)
	at io.appium.java_client.DefaultGenericMobileDriver.findElement(DefaultGenericMobileDriver.java:62)
	at io.appium.java_client.AppiumDriver.findElement(AppiumDriver.java:1)
	at io.appium.java_client.ios.IOSDriver.findElement(IOSDriver.java:1)
	at io.appium.java_client.FindsByAccessibilityId.findElementByAccessibilityId(FindsByAccessibilityId.java:37)
	at com.beacon.test.AppTestDeviceOne.add_Incident_Report(AppTestDeviceOne.java:187)
	... 28 more
... Removed 33 stack frames</div></td></tr></table><p class="totop"><a href="#summary">back to summary</a></p>
<h3 id="m5">com.beacon.test.AppTestDeviceOne#add_Incident_Report</h3><table class="result"><tr><th>Exception</th></tr><tr><td><div class="stacktrace">java.lang.AssertionError: Unable to create report
	at com.beacon.test.AppTestDeviceOne.add_Incident_Report(AppTestDeviceOne.java:220)
Caused by: org.openqa.selenium.NoSuchElementException: An element could not be located on the page using the given search parameters.
For documentation on this error, please visit: http://seleniumhq.org/exceptions/no_such_element.html
Build info: version: &apos;3.13.0&apos;, revision: &apos;2f0d292&apos;, time: &apos;2018-06-25T15:24:21.231Z&apos;
System info: host: &apos;basavarajs-MacBook-Pro.local&apos;, ip: &apos;192.168.0.128&apos;, os.name: &apos;Mac OS X&apos;, os.arch: &apos;x86_64&apos;, os.version: &apos;10.13.6&apos;, java.version: &apos;1.8.0_66&apos;
Driver info: io.appium.java_client.ios.IOSDriver
Capabilities {app: /Users/basavaraj/Desktop/Be..., automationName: XCUITest, browserName: iOS, databaseEnabled: false, deviceName: iPhone, javascriptEnabled: true, locationContextEnabled: false, networkConnectionEnabled: false, noReset: true, platform: MAC, platformName: iOS, platformVersion: 11.4, takesScreenshot: true, udid: 5bebcfa8e9b85198945951f55c6..., usePrebuiltWDA: true, wdaConnectionTimeout: 240000, wdaLaunchTimeout: 240000, webStorageEnabled: false, xcodeOrgId: G56QYJ7ZRJ, xcodeSigningId: iPhone Developer}
Session ID: ea8e962a-6d2f-4c74-996a-219403c9147e
*** Element info: {Using=accessibility id, value=PhotoCapture}
	at org.openqa.selenium.remote.http.W3CHttpResponseCodec.createException(W3CHttpResponseCodec.java:187)
	at org.openqa.selenium.remote.http.W3CHttpResponseCodec.decode(W3CHttpResponseCodec.java:122)
	at org.openqa.selenium.remote.http.W3CHttpResponseCodec.decode(W3CHttpResponseCodec.java:49)
	at org.openqa.selenium.remote.HttpCommandExecutor.execute(HttpCommandExecutor.java:158)
	at io.appium.java_client.remote.AppiumCommandExecutor.execute(AppiumCommandExecutor.java:231)
	at org.openqa.selenium.remote.RemoteWebDriver.execute(RemoteWebDriver.java:548)
	at io.appium.java_client.DefaultGenericMobileDriver.execute(DefaultGenericMobileDriver.java:42)
	at io.appium.java_client.AppiumDriver.execute(AppiumDriver.java:1)
	at io.appium.java_client.ios.IOSDriver.execute(IOSDriver.java:1)
	at org.openqa.selenium.remote.RemoteWebDriver.findElement(RemoteWebDriver.java:322)
	at io.appium.java_client.DefaultGenericMobileDriver.findElement(DefaultGenericMobileDriver.java:62)
	at io.appium.java_client.AppiumDriver.findElement(AppiumDriver.java:1)
	at io.appium.java_client.ios.IOSDriver.findElement(IOSDriver.java:1)
	at io.appium.java_client.FindsByAccessibilityId.findElementByAccessibilityId(FindsByAccessibilityId.java:37)
	at com.beacon.test.AppTestDeviceOne.add_Incident_Report(AppTestDeviceOne.java:187)
	... 29 more
... Removed 34 stack frames</div></td></tr></table><p class="totop"><a href="#summary">back to summary</a></p>
<h3 id="m6">com.beacon.test.AppTestDeviceOne#add_Incident_Report</h3><table class="result"><tr><th>Exception</th></tr><tr><td><div class="stacktrace">java.lang.AssertionError: Unable to create report
	at com.beacon.test.AppTestDeviceOne.add_Incident_Report(AppTestDeviceOne.java:220)
Caused by: org.openqa.selenium.NoSuchElementException: An element could not be located on the page using the given search parameters.
For documentation on this error, please visit: http://seleniumhq.org/exceptions/no_such_element.html
Build info: version: &apos;3.13.0&apos;, revision: &apos;2f0d292&apos;, time: &apos;2018-06-25T15:24:21.231Z&apos;
System info: host: &apos;basavarajs-MacBook-Pro.local&apos;, ip: &apos;192.168.0.128&apos;, os.name: &apos;Mac OS X&apos;, os.arch: &apos;x86_64&apos;, os.version: &apos;10.13.6&apos;, java.version: &apos;1.8.0_66&apos;
Driver info: io.appium.java_client.ios.IOSDriver
Capabilities {app: /Users/basavaraj/Desktop/Be..., automationName: XCUITest, browserName: iOS, databaseEnabled: false, deviceName: iPhone, javascriptEnabled: true, locationContextEnabled: false, networkConnectionEnabled: false, noReset: true, platform: MAC, platformName: iOS, platformVersion: 11.4, takesScreenshot: true, udid: 5bebcfa8e9b85198945951f55c6..., usePrebuiltWDA: true, wdaConnectionTimeout: 240000, wdaLaunchTimeout: 240000, webStorageEnabled: false, xcodeOrgId: G56QYJ7ZRJ, xcodeSigningId: iPhone Developer}
Session ID: ea8e962a-6d2f-4c74-996a-219403c9147e
*** Element info: {Using=accessibility id, value=PhotoCapture}
	at org.openqa.selenium.remote.http.W3CHttpResponseCodec.createException(W3CHttpResponseCodec.java:187)
	at org.openqa.selenium.remote.http.W3CHttpResponseCodec.decode(W3CHttpResponseCodec.java:122)
	at org.openqa.selenium.remote.http.W3CHttpResponseCodec.decode(W3CHttpResponseCodec.java:49)
	at org.openqa.selenium.remote.HttpCommandExecutor.execute(HttpCommandExecutor.java:158)
	at io.appium.java_client.remote.AppiumCommandExecutor.execute(AppiumCommandExecutor.java:231)
	at org.openqa.selenium.remote.RemoteWebDriver.execute(RemoteWebDriver.java:548)
	at io.appium.java_client.DefaultGenericMobileDriver.execute(DefaultGenericMobileDriver.java:42)
	at io.appium.java_client.AppiumDriver.execute(AppiumDriver.java:1)
	at io.appium.java_client.ios.IOSDriver.execute(IOSDriver.java:1)
	at org.openqa.selenium.remote.RemoteWebDriver.findElement(RemoteWebDriver.java:322)
	at io.appium.java_client.DefaultGenericMobileDriver.findElement(DefaultGenericMobileDriver.java:62)
	at io.appium.java_client.AppiumDriver.findElement(AppiumDriver.java:1)
	at io.appium.java_client.ios.IOSDriver.findElement(IOSDriver.java:1)
	at io.appium.java_client.FindsByAccessibilityId.findElementByAccessibilityId(FindsByAccessibilityId.java:37)
	at com.beacon.test.AppTestDeviceOne.add_Incident_Report(AppTestDeviceOne.java:187)
	... 28 more
... Removed 33 stack frames</div></td></tr></table><p class="totop"><a href="#summary">back to summary</a></p>
<h3 id="m7">com.beacon.test.AppTestDeviceOne#add_Incident_Report</h3><table class="result"><tr><th class="invisible"/></tr></table><p class="totop"><a href="#summary">back to summary</a></p>
<h3 id="m8">com.beacon.test.AppTestDeviceOne#add_Incident_Report</h3><table class="result"><tr><th class="invisible"/></tr></table><p class="totop"><a href="#summary">back to summary</a></p>
<h3 id="m9">com.beacon.test.AppTestDeviceOne#add_Incident_Report</h3><table class="result"><tr><th class="invisible"/></tr></table><p class="totop"><a href="#summary">back to summary</a></p>
<h3 id="m10">com.beacon.test.AppTestDeviceOne#add_Incident_Report</h3><table class="result"><tr><th class="invisible"/></tr></table><p class="totop"><a href="#summary">back to summary</a></p>
<h3 id="m11">com.beacon.test.AppTestDeviceOne#add_Incident_Report</h3><table class="result"><tr><th class="invisible"/></tr></table><p class="totop"><a href="#summary">back to summary</a></p>
<h3 id="m12">com.beacon.test.AppTestDeviceOne#add_Incident_Report</h3><table class="result"><tr><th class="invisible"/></tr></table><p class="totop"><a href="#summary">back to summary</a></p>
<h3 id="m13">com.beacon.test.AppTestDeviceOne#add_Incident_Report</h3><table class="result"><tr><th class="invisible"/></tr></table><p class="totop"><a href="#summary">back to summary</a></p>
<h3 id="m14">com.beacon.test.AppTestDeviceOne#add_Incident_Report</h3><table class="result"><tr><th class="invisible"/></tr></table><p class="totop"><a href="#summary">back to summary</a></p>
<h3 id="m15">com.beacon.test.AppTestDeviceOne#add_Incident_Report</h3><table class="result"><tr><th class="invisible"/></tr></table><p class="totop"><a href="#summary">back to summary</a></p>
<h3 id="m16">com.beacon.test.AppTestDeviceOne#add_Incident_Report</h3><table class="result"><tr><th class="invisible"/></tr></table><p class="totop"><a href="#summary">back to summary</a></p>
<h3 id="m17">com.beacon.test.AppTestDeviceOne#add_Incident_Report</h3><table class="result"><tr><th class="invisible"/></tr></table><p class="totop"><a href="#summary">back to summary</a></p>
<h3 id="m18">com.beacon.test.AppTestDeviceOne#add_Incident_Report</h3><table class="result"><tr><th class="invisible"/></tr></table><p class="totop"><a href="#summary">back to summary</a></p>
<h3 id="m19">com.beacon.test.AppTestDeviceOne#add_Incident_Report</h3><table class="result"><tr><th class="invisible"/></tr></table><p class="totop"><a href="#summary">back to summary</a></p>
<h3 id="m20">com.beacon.test.AppTestDeviceOne#add_Incident_Report</h3><table class="result"><tr><th class="invisible"/></tr></table><p class="totop"><a href="#summary">back to summary</a></p>
<h3 id="m21">com.beacon.test.AppTestDeviceOne#add_Incident_Report</h3><table class="result"><tr><th class="invisible"/></tr></table><p class="totop"><a href="#summary">back to summary</a></p>
<h3 id="m22">com.beacon.test.AppTestDeviceOne#add_Incident_Report</h3><table class="result"><tr><th class="invisible"/></tr></table><p class="totop"><a href="#summary">back to summary</a></p>
<h3 id="m23">com.beacon.test.AppTestDeviceOne#add_Incident_Report</h3><table class="result"><tr><th class="invisible"/></tr></table><p class="totop"><a href="#summary">back to summary</a></p>
<h3 id="m24">com.beacon.test.AppTestDeviceOne#add_Incident_Report</h3><table class="result"><tr><th class="invisible"/></tr></table><p class="totop"><a href="#summary">back to summary</a></p>
<h3 id="m25">com.beacon.test.AppTestDeviceOne#add_Incident_Report</h3><table class="result"><tr><th class="invisible"/></tr></table><p class="totop"><a href="#summary">back to summary</a></p>
<h3 id="m26">com.beacon.test.AppTestDeviceOne#add_Incident_Report</h3><table class="result"><tr><th class="invisible"/></tr></table><p class="totop"><a href="#summary">back to summary</a></p>
<h3 id="m27">com.beacon.test.AppTestDeviceOne#add_Incident_Report</h3><table class="result"><tr><th class="invisible"/></tr></table><p class="totop"><a href="#summary">back to summary</a></p>
<h3 id="m28">com.beacon.test.AppTestDeviceOne#add_Incident_Report</h3><table class="result"><tr><th class="invisible"/></tr></table><p class="totop"><a href="#summary">back to summary</a></p>
<h3 id="m29">com.beacon.test.AppTestDeviceOne#add_Incident_Report</h3><table class="result"><tr><th class="invisible"/></tr></table><p class="totop"><a href="#summary">back to summary</a></p>
<h3 id="m30">com.beacon.test.AppTestDeviceOne#add_Incident_Report</h3><table class="result"><tr><th class="invisible"/></tr></table><p class="totop"><a href="#summary">back to summary</a></p>
<h3 id="m31">com.beacon.test.AppTestDeviceOne#add_Incident_Report</h3><table class="result"><tr><th class="invisible"/></tr></table><p class="totop"><a href="#summary">back to summary</a></p>
<h3 id="m32">com.beacon.test.AppTestDeviceOne#add_Incident_Report</h3><table class="result"><tr><th class="invisible"/></tr></table><p class="totop"><a href="#summary">back to summary</a></p>
<h3 id="m33">com.beacon.test.AppTestDeviceOne#add_Incident_Report</h3><table class="result"><tr><th class="invisible"/></tr></table><p class="totop"><a href="#summary">back to summary</a></p>
<h3 id="m34">com.beacon.test.AppTestDeviceOne#add_Incident_Report</h3><table class="result"><tr><th class="invisible"/></tr></table><p class="totop"><a href="#summary">back to summary</a></p>
<h3 id="m35">com.beacon.test.AppTestDeviceOne#add_Incident_Report</h3><table class="result"><tr><th class="invisible"/></tr></table><p class="totop"><a href="#summary">back to summary</a></p>
<h3 id="m36">com.beacon.test.AppTestDeviceOne#add_Incident_Report</h3><table class="result"><tr><th class="invisible"/></tr></table><p class="totop"><a href="#summary">back to summary</a></p>
<h3 id="m37">com.beacon.test.AppTestDeviceOne#add_Incident_Report</h3><table class="result"><tr><th class="invisible"/></tr></table><p class="totop"><a href="#summary">back to summary</a></p>
<h3 id="m38">com.beacon.test.AppTestDeviceOne#add_Incident_Report</h3><table class="result"><tr><th class="invisible"/></tr></table><p class="totop"><a href="#summary">back to summary</a></p>
<h3 id="m39">com.beacon.test.AppTestDeviceOne#add_Incident_Report</h3><table class="result"><tr><th class="invisible"/></tr></table><p class="totop"><a href="#summary">back to summary</a></p>
<h3 id="m40">com.beacon.test.AppTestDeviceOne#add_Incident_Report</h3><table class="result"><tr><th class="invisible"/></tr></table><p class="totop"><a href="#summary">back to summary</a></p>
<h3 id="m41">com.beacon.test.AppTestDeviceOne#add_Incident_Report</h3><table class="result"><tr><th class="invisible"/></tr></table><p class="totop"><a href="#summary">back to summary</a></p>
<h3 id="m42">com.beacon.test.AppTestDeviceOne#add_Incident_Report</h3><table class="result"><tr><th class="invisible"/></tr></table><p class="totop"><a href="#summary">back to summary</a></p>
<h3 id="m43">com.beacon.test.AppTestDeviceOne#add_Incident_Report</h3><table class="result"><tr><th class="invisible"/></tr></table><p class="totop"><a href="#summary">back to summary</a></p>
<h3 id="m44">com.beacon.test.AppTestDeviceOne#add_Incident_Report</h3><table class="result"><tr><th class="invisible"/></tr></table><p class="totop"><a href="#summary">back to summary</a></p>
<h3 id="m45">com.beacon.test.AppTestDeviceOne#add_Incident_Report</h3><table class="result"><tr><th class="invisible"/></tr></table><p class="totop"><a href="#summary">back to summary</a></p>
<h3 id="m46">com.beacon.test.AppTestDeviceOne#add_Incident_Report</h3><table class="result"><tr><th class="invisible"/></tr></table><p class="totop"><a href="#summary">back to summary</a></p>
<h3 id="m47">com.beacon.test.AppTestDeviceOne#add_Incident_Report</h3><table class="result"><tr><th class="invisible"/></tr></table><p class="totop"><a href="#summary">back to summary</a></p>
<h3 id="m48">com.beacon.test.AppTestDeviceOne#add_Incident_Report</h3><table class="result"><tr><th class="invisible"/></tr></table><p class="totop"><a href="#summary">back to summary</a></p>
<h3 id="m49">com.beacon.test.AppTestDeviceOne#add_Incident_Report</h3><table class="result"><tr><th class="invisible"/></tr></table><p class="totop"><a href="#summary">back to summary</a></p>
</body>
</html>
